app/build/intermediates/manifest_merge_blame_file/release/manifest-merger-blame-release-report.txt
1<?xml version="1.0" encoding="utf-8"?>
2<manifest xmlns:android="http://schemas.android.com/apk/res/android"
3    package="com.ichangemycity.swachhbharatengineer"
4    android:versionCode="36"
5    android:versionName="2.0" >
6
7    <uses-sdk
8        android:minSdkVersion="18"
8-->src\main\AndroidManifest.xml
9        android:targetSdkVersion="31" />
9-->src\main\AndroidManifest.xml
10
11    <uses-feature android:name="android.hardware.camera" />
11-->src\main\AndroidManifest.xml:6:5-60
11-->src\main\AndroidManifest.xml:6:19-57
12    <uses-feature
12-->src\main\AndroidManifest.xml:7:5-9:36
13        android:name="android.hardware.telephony"
13-->src\main\AndroidManifest.xml:8:9-50
14        android:required="false" />
14-->src\main\AndroidManifest.xml:9:9-33
15    <uses-feature
15-->src\main\AndroidManifest.xml:10:5-12:36
16        android:name="android.hardware.touchscreen"
16-->src\main\AndroidManifest.xml:11:9-52
17        android:required="false" />
17-->src\main\AndroidManifest.xml:12:9-33
18
19    <uses-permission android:name="android.permission.WRITE_EXTERNAL_STORAGE" />
19-->src\main\AndroidManifest.xml:14:5-16:40
19-->src\main\AndroidManifest.xml:15:9-65
20    <uses-permission android:name="android.permission.ACCESS_FINE_LOCATION" />
20-->src\main\AndroidManifest.xml:17:5-79
20-->src\main\AndroidManifest.xml:17:22-76
21    <uses-permission android:name="android.permission.READ_EXTERNAL_STORAGE" />
21-->src\main\AndroidManifest.xml:18:5-80
21-->src\main\AndroidManifest.xml:18:22-77
22    <uses-permission android:name="android.permission.ACCESS_COARSE_LOCATION" />
22-->src\main\AndroidManifest.xml:19:5-81
22-->src\main\AndroidManifest.xml:19:22-78
23    <uses-permission android:name="android.permission.INTERNET" />
23-->src\main\AndroidManifest.xml:20:5-67
23-->src\main\AndroidManifest.xml:20:22-64
24    <uses-permission android:name="android.permission.ACCESS_NETWORK_STATE" />
24-->src\main\AndroidManifest.xml:21:5-79
24-->src\main\AndroidManifest.xml:21:22-76
25    <uses-permission android:name="android.permission.ACCESS_WIFI_STATE" />
25-->src\main\AndroidManifest.xml:22:5-76
25-->src\main\AndroidManifest.xml:22:22-73
26    <uses-permission
26-->src\main\AndroidManifest.xml:23:5-68
27        android:name="android.permission.WAKE_LOCK"
27-->src\main\AndroidManifest.xml:23:22-65
28        android:maxSdkVersion="25" />
28-->[ch.acra:acra-core:5.1.3] AndroidManifest.xml:27:9-35
29    <uses-permission android:name="com.google.android.gms.permission.ACTIVITY_RECOGNITION" />
29-->src\main\AndroidManifest.xml:24:5-94
29-->src\main\AndroidManifest.xml:24:22-91
30    <uses-permission android:name="com.google.android.providers.gsf.permission.READ_GSERVICES" />
30-->src\main\AndroidManifest.xml:25:5-98
30-->src\main\AndroidManifest.xml:25:22-95
31    <uses-permission android:name="com.google.android.c2dm.permission.RECEIVE" />
31-->src\main\AndroidManifest.xml:26:5-82
31-->src\main\AndroidManifest.xml:26:22-79
32    <uses-permission android:name="com.ichangemycity.swachhbharatengineer.permission.MAPS_RECEIVE" />
32-->src\main\AndroidManifest.xml:27:5-102
32-->src\main\AndroidManifest.xml:27:22-99
33    <uses-permission android:name="android.permission.CAMERA" />
33-->src\main\AndroidManifest.xml:28:5-65
33-->src\main\AndroidManifest.xml:28:22-62
34
35    <!-- This app has permission to register and receive data message. -->
36    <uses-permission android:name="android.permission.VIBRATE" />
36-->src\main\AndroidManifest.xml:31:5-66
36-->src\main\AndroidManifest.xml:31:22-63
37
38    <uses-feature
38-->[com.google.android.gms:play-services-maps:17.0.0] AndroidManifest.xml:26:5-28:35
39        android:glEsVersion="0x00020000"
39-->[com.google.android.gms:play-services-maps:17.0.0] AndroidManifest.xml:27:9-41
40        android:required="true" />
40-->[com.google.android.gms:play-services-maps:17.0.0] AndroidManifest.xml:28:9-32
41
42    <uses-permission android:name="com.google.android.finsky.permission.BIND_GET_INSTALL_REFERRER_SERVICE" />
42-->[com.google.android.gms:play-services-measurement-impl:16.4.0] AndroidManifest.xml:26:5-110
42-->[com.google.android.gms:play-services-measurement-impl:16.4.0] AndroidManifest.xml:26:22-107
43
44    <application
44-->src\main\AndroidManifest.xml:33:5-216:19
45        android:name="com.ichangemycity.appdata.AppController"
45-->src\main\AndroidManifest.xml:34:9-63
46        android:allowBackup="true"
46-->src\main\AndroidManifest.xml:35:9-35
47        android:appComponentFactory="androidx.core.app.CoreComponentFactory"
47-->[androidx.core:core:1.3.1] AndroidManifest.xml:24:18-86
48        android:icon="@mipmap/ic_launcher"
48-->src\main\AndroidManifest.xml:36:9-43
49        android:label="@string/app_name"
49-->src\main\AndroidManifest.xml:37:9-41
50        android:largeHeap="true"
50-->src\main\AndroidManifest.xml:38:9-33
51        android:roundIcon="@mipmap/ic_launcher_round"
51-->src\main\AndroidManifest.xml:39:9-54
52        android:supportsRtl="true"
52-->src\main\AndroidManifest.xml:40:9-35
53        android:theme="@style/AppTheme"
53-->src\main\AndroidManifest.xml:41:9-40
54        android:usesCleartextTraffic="true" >
54-->src\main\AndroidManifest.xml:42:9-44
55        <uses-library
55-->src\main\AndroidManifest.xml:43:9-45:40
56            android:name="org.apache.http.legacy"
56-->src\main\AndroidManifest.xml:44:13-50
57            android:required="false" />
57-->src\main\AndroidManifest.xml:45:13-37
58
59        <meta-data
59-->src\main\AndroidManifest.xml:47:9-49:48
60            android:name="com.facebook.accountkit.ApplicationName"
60-->src\main\AndroidManifest.xml:48:13-67
61            android:value="@string/app_name" />
61-->src\main\AndroidManifest.xml:49:13-45
62        <meta-data
62-->src\main\AndroidManifest.xml:50:9-52:64
63            android:name="com.facebook.accountkit.ClientToken"
63-->src\main\AndroidManifest.xml:51:13-63
64            android:value="7408b7b4e110479f6c8efa4cea267521" />
64-->src\main\AndroidManifest.xml:52:13-61
65
66        <activity
66-->src\main\AndroidManifest.xml:54:9-66:20
67            android:name="com.ichangemycity.swachhbharatengineer.Splashscreen"
67-->src\main\AndroidManifest.xml:55:13-41
68            android:exported="true"
68-->src\main\AndroidManifest.xml:56:13-36
69            android:screenOrientation="portrait"
69-->src\main\AndroidManifest.xml:57:13-49
70            android:theme="@style/AppTheme.NoActionBar"
70-->src\main\AndroidManifest.xml:58:13-56
71            android:windowSoftInputMode="stateAlwaysHidden" >
71-->src\main\AndroidManifest.xml:59:13-60
72            <intent-filter>
72-->src\main\AndroidManifest.xml:61:13-65:29
73                <action android:name="android.intent.action.MAIN" />
73-->src\main\AndroidManifest.xml:62:17-69
73-->src\main\AndroidManifest.xml:62:25-66
74
75                <category android:name="android.intent.category.LAUNCHER" />
75-->src\main\AndroidManifest.xml:64:17-77
75-->src\main\AndroidManifest.xml:64:27-74
76            </intent-filter>
77        </activity>
78        <activity
78-->src\main\AndroidManifest.xml:67:9-88:20
79            android:name="com.ichangemycity.swachhbharatengineer.MainActivity"
79-->src\main\AndroidManifest.xml:68:13-41
80            android:exported="true"
80-->src\main\AndroidManifest.xml:69:13-36
81            android:screenOrientation="portrait"
81-->src\main\AndroidManifest.xml:70:13-49
82            android:theme="@style/AppTheme.NoActionBar"
82-->src\main\AndroidManifest.xml:71:13-56
83            android:windowSoftInputMode="stateAlwaysHidden" >
83-->src\main\AndroidManifest.xml:72:13-60
84            <intent-filter>
84-->src\main\AndroidManifest.xml:74:13-87:29
85                <action android:name="android.intent.action.VIEW" />
85-->src\main\AndroidManifest.xml:75:17-69
85-->src\main\AndroidManifest.xml:75:25-66
86
87                <category android:name="android.intent.category.DEFAULT" />
87-->src\main\AndroidManifest.xml:77:17-76
87-->src\main\AndroidManifest.xml:77:27-73
88                <category android:name="android.intent.category.BROWSABLE" />
88-->src\main\AndroidManifest.xml:78:17-78
88-->src\main\AndroidManifest.xml:78:27-75
89
90                <data
90-->src\main\AndroidManifest.xml:80:17-83:45
91                    android:host="swachh.city"
91-->src\main\AndroidManifest.xml:81:21-47
92                    android:pathPrefix="/"
92-->src\main\AndroidManifest.xml:82:21-43
93                    android:scheme="http" />
93-->src\main\AndroidManifest.xml:83:21-42
94                <data
94-->src\main\AndroidManifest.xml:80:17-83:45
95                    android:host="api.swachh.city"
95-->src\main\AndroidManifest.xml:81:21-47
96                    android:scheme="http" />
96-->src\main\AndroidManifest.xml:83:21-42
97            </intent-filter>
98        </activity>
99        <activity
99-->src\main\AndroidManifest.xml:89:9-94:56
100            android:name="com.ichangemycity.swachhbharatengineer.SelectLanguage"
100-->src\main\AndroidManifest.xml:90:13-43
101            android:screenOrientation="portrait"
101-->src\main\AndroidManifest.xml:91:13-49
102            android:theme="@style/AppTheme.NoActionBar"
102-->src\main\AndroidManifest.xml:92:13-56
103            android:windowSoftInputMode="stateAlwaysHidden" />
103-->src\main\AndroidManifest.xml:93:13-60
104        <activity
104-->src\main\AndroidManifest.xml:95:9-100:56
105            android:name="com.ichangemycity.swachhbharatengineer.UserMobileNumber"
105-->src\main\AndroidManifest.xml:96:13-45
106            android:screenOrientation="portrait"
106-->src\main\AndroidManifest.xml:97:13-49
107            android:theme="@style/AppTheme.NoActionBar"
107-->src\main\AndroidManifest.xml:98:13-56
108            android:windowSoftInputMode="stateHidden|adjustPan" />
108-->src\main\AndroidManifest.xml:99:13-64
109        <activity
109-->src\main\AndroidManifest.xml:101:9-106:56
110            android:name="com.ichangemycity.swachhbharatengineer.OTPVerification"
110-->src\main\AndroidManifest.xml:102:13-44
111            android:screenOrientation="portrait"
111-->src\main\AndroidManifest.xml:103:13-49
112            android:theme="@style/AppTheme.NoActionBar"
112-->src\main\AndroidManifest.xml:104:13-56
113            android:windowSoftInputMode="stateHidden|adjustPan" />
113-->src\main\AndroidManifest.xml:105:13-64
114        <activity
114-->src\main\AndroidManifest.xml:107:9-112:56
115            android:name="com.ichangemycity.swachhbharatengineer.ComplaintDetail"
115-->src\main\AndroidManifest.xml:108:13-44
116            android:screenOrientation="portrait"
116-->src\main\AndroidManifest.xml:109:13-49
117            android:theme="@style/AppTheme.NoActionBar"
117-->src\main\AndroidManifest.xml:110:13-56
118            android:windowSoftInputMode="stateAlwaysHidden" />
118-->src\main\AndroidManifest.xml:111:13-60
119        <activity
119-->src\main\AndroidManifest.xml:113:9-118:56
120            android:name="com.ichangemycity.swachhbharatengineer.ComplaintDetailNew"
120-->src\main\AndroidManifest.xml:114:13-47
121            android:screenOrientation="portrait"
121-->src\main\AndroidManifest.xml:115:13-49
122            android:theme="@style/AppTheme.NoActionBar"
122-->src\main\AndroidManifest.xml:116:13-56
123            android:windowSoftInputMode="stateAlwaysHidden" />
123-->src\main\AndroidManifest.xml:117:13-60
124        <activity
124-->src\main\AndroidManifest.xml:119:9-125:56
125            android:name="com.ichangemycity.swachhbharatengineer.SelectImageDialogActivity"
125-->src\main\AndroidManifest.xml:120:13-54
126            android:label=""
126-->src\main\AndroidManifest.xml:121:13-29
127            android:screenOrientation="portrait"
127-->src\main\AndroidManifest.xml:122:13-49
128            android:theme="@style/AppTheme.NoActionBar"
128-->src\main\AndroidManifest.xml:123:13-56
129            android:windowSoftInputMode="stateAlwaysHidden" />
129-->src\main\AndroidManifest.xml:124:13-60
130        <activity
130-->src\main\AndroidManifest.xml:126:9-128:59
131            android:name="com.theartofdev.edmodo.cropper.CropImageActivity"
131-->src\main\AndroidManifest.xml:127:13-76
132            android:theme="@style/Base.Theme.AppCompat" />
132-->src\main\AndroidManifest.xml:128:13-56
133        <activity
133-->src\main\AndroidManifest.xml:129:9-135:56
134            android:name="com.ichangemycity.swachhbharatengineer.ChangeStatusActivity"
134-->src\main\AndroidManifest.xml:130:13-49
135            android:label=""
135-->src\main\AndroidManifest.xml:131:13-29
136            android:screenOrientation="portrait"
136-->src\main\AndroidManifest.xml:132:13-49
137            android:theme="@style/AppTheme.NoActionBar"
137-->src\main\AndroidManifest.xml:133:13-56
138            android:windowSoftInputMode="stateHidden|adjustResize" />
138-->src\main\AndroidManifest.xml:134:13-67
139        <activity
139-->src\main\AndroidManifest.xml:136:9-141:56
140            android:name="com.ichangemycity.swachhbharatengineer.AndroidCustomGalleryActivity"
140-->src\main\AndroidManifest.xml:137:13-57
141            android:screenOrientation="portrait"
141-->src\main\AndroidManifest.xml:138:13-49
142            android:theme="@style/AppTheme.NoActionBar"
142-->src\main\AndroidManifest.xml:139:13-56
143            android:windowSoftInputMode="stateAlwaysHidden" />
143-->src\main\AndroidManifest.xml:140:13-60
144        <activity
144-->src\main\AndroidManifest.xml:142:9-148:56
145            android:name="com.ichangemycity.swachhbharatengineer.CommentsActivity"
145-->src\main\AndroidManifest.xml:143:13-45
146            android:label=""
146-->src\main\AndroidManifest.xml:144:13-29
147            android:screenOrientation="portrait"
147-->src\main\AndroidManifest.xml:145:13-49
148            android:theme="@style/AppTheme.NoActionBar"
148-->src\main\AndroidManifest.xml:146:13-56
149            android:windowSoftInputMode="stateHidden|adjustResize" />
149-->src\main\AndroidManifest.xml:147:13-67
150        <activity
150-->src\main\AndroidManifest.xml:149:9-155:56
151            android:name="com.ichangemycity.swachhbharatengineer.VoteupsActivity"
151-->src\main\AndroidManifest.xml:150:13-44
152            android:label=""
152-->src\main\AndroidManifest.xml:151:13-29
153            android:screenOrientation="portrait"
153-->src\main\AndroidManifest.xml:152:13-49
154            android:theme="@style/AppTheme.NoActionBar"
154-->src\main\AndroidManifest.xml:153:13-56
155            android:windowSoftInputMode="stateAlwaysHidden" />
155-->src\main\AndroidManifest.xml:154:13-60
156        <activity
156-->src\main\AndroidManifest.xml:156:9-162:56
157            android:name="com.ichangemycity.swachhbharatengineer.NotificationActivity"
157-->src\main\AndroidManifest.xml:157:13-49
158            android:label=""
158-->src\main\AndroidManifest.xml:158:13-29
159            android:screenOrientation="portrait"
159-->src\main\AndroidManifest.xml:159:13-49
160            android:theme="@style/AppTheme.NoActionBar"
160-->src\main\AndroidManifest.xml:160:13-56
161            android:windowSoftInputMode="stateAlwaysHidden" />
161-->src\main\AndroidManifest.xml:161:13-60
162        <activity
162-->src\main\AndroidManifest.xml:164:9-170:56
163            android:name="com.ichangemycity.swachhbharatengineer.SetEmailPasswordActivity"
163-->src\main\AndroidManifest.xml:165:13-53
164            android:label=""
164-->src\main\AndroidManifest.xml:166:13-29
165            android:screenOrientation="portrait"
165-->src\main\AndroidManifest.xml:167:13-49
166            android:theme="@style/AppTheme.NoActionBar"
166-->src\main\AndroidManifest.xml:168:13-56
167            android:windowSoftInputMode="stateHidden|adjustResize" />
167-->src\main\AndroidManifest.xml:169:13-67
168        <activity
168-->src\main\AndroidManifest.xml:172:9-177:76
169            android:name="com.ichangemycity.swachhbharatengineer.ViewAllMediaActivity"
169-->src\main\AndroidManifest.xml:173:13-49
170            android:exported="true"
170-->src\main\AndroidManifest.xml:174:13-36
171            android:screenOrientation="portrait"
171-->src\main\AndroidManifest.xml:175:13-49
172            android:theme="@style/AppTheme.NoActionBar"
172-->src\main\AndroidManifest.xml:176:13-56
173            android:windowSoftInputMode="stateAlwaysHidden|adjustResize" />
173-->src\main\AndroidManifest.xml:177:13-73
174
175        <provider
176            android:name="androidx.core.content.FileProvider"
176-->src\main\AndroidManifest.xml:180:13-62
177            android:authorities="com.ichangemycity.swachhbharatengineer.provider"
177-->src\main\AndroidManifest.xml:181:13-60
178            android:exported="false"
178-->src\main\AndroidManifest.xml:182:13-37
179            android:grantUriPermissions="true" >
179-->src\main\AndroidManifest.xml:183:13-47
180            <meta-data
180-->src\main\AndroidManifest.xml:184:13-186:58
181                android:name="android.support.FILE_PROVIDER_PATHS"
181-->src\main\AndroidManifest.xml:185:17-67
182                android:resource="@xml/provider_paths" />
182-->src\main\AndroidManifest.xml:186:17-55
183        </provider>
184        <!-- Firebase Notifications -->
185        <service
185-->src\main\AndroidManifest.xml:189:9-195:19
186            android:name="com.ichangemycity.firebase.MyFirebaseMessagingService"
186-->src\main\AndroidManifest.xml:190:13-81
187            android:exported="false" >
187-->src\main\AndroidManifest.xml:191:13-37
188            <intent-filter>
188-->src\main\AndroidManifest.xml:192:13-194:29
189                <action android:name="com.google.firebase.MESSAGING_EVENT" />
189-->src\main\AndroidManifest.xml:193:17-78
189-->src\main\AndroidManifest.xml:193:25-75
190            </intent-filter>
191        </service>
192        <service
192-->src\main\AndroidManifest.xml:197:9-203:19
193            android:name="com.ichangemycity.firebase.MyFirebaseInstanceIDService"
193-->src\main\AndroidManifest.xml:198:13-82
194            android:exported="false" >
194-->src\main\AndroidManifest.xml:199:13-37
195            <intent-filter>
195-->src\main\AndroidManifest.xml:200:13-202:29
196                <action android:name="com.google.firebase.INSTANCE_ID_EVENT" />
196-->src\main\AndroidManifest.xml:201:17-80
196-->src\main\AndroidManifest.xml:201:25-77
197            </intent-filter>
198        </service>
199
200        <meta-data
200-->src\main\AndroidManifest.xml:205:9-207:54
201            android:name="com.google.firebase.messaging.default_notification_icon"
201-->src\main\AndroidManifest.xml:206:13-83
202            android:resource="@mipmap/ic_launcher" />
202-->src\main\AndroidManifest.xml:207:13-51
203        <!--
204             Set color used with incoming notification messages. This is used when no color is set for the incoming
205             notification message. See README(https://goo.gl/6BKBk7) for more.
206        -->
207        <meta-data
207-->src\main\AndroidManifest.xml:210:9-212:53
208            android:name="com.google.firebase.messaging.default_notification_color"
208-->src\main\AndroidManifest.xml:211:13-84
209            android:resource="@color/colorAccent" />
209-->src\main\AndroidManifest.xml:212:13-50
210        <!-- ./Firebase Notifications -->
211
212
213        <!--
214             FirebaseMessagingService performs security checks at runtime,
215             but set to not exported to explicitly avoid allowing another app to call it.
216        -->
217        <service
217-->[com.google.firebase:firebase-messaging:17.5.0] AndroidManifest.xml:28:9-34:19
218            android:name="com.google.firebase.messaging.FirebaseMessagingService"
218-->[com.google.firebase:firebase-messaging:17.5.0] AndroidManifest.xml:29:13-82
219            android:exported="true" >
219-->[com.google.firebase:firebase-messaging:17.5.0] AndroidManifest.xml:30:13-36
220            <intent-filter android:priority="-500" >
220-->src\main\AndroidManifest.xml:192:13-194:29
221                <action android:name="com.google.firebase.MESSAGING_EVENT" />
221-->src\main\AndroidManifest.xml:193:17-78
221-->src\main\AndroidManifest.xml:193:25-75
222            </intent-filter>
223        </service>
224        <service
224-->[ch.acra:acra-core:5.1.3] AndroidManifest.xml:30:9-34:39
225            android:name="org.acra.sender.SenderService"
225-->[ch.acra:acra-core:5.1.3] AndroidManifest.xml:31:13-57
226            android:exported="false"
226-->[ch.acra:acra-core:5.1.3] AndroidManifest.xml:32:13-37
227            android:permission="android.permission.BIND_JOB_SERVICE"
227-->[ch.acra:acra-core:5.1.3] AndroidManifest.xml:33:13-69
228            android:process=":acra" />
228-->[ch.acra:acra-core:5.1.3] AndroidManifest.xml:34:13-36
229
230        <provider
230-->[ch.acra:acra-core:5.1.3] AndroidManifest.xml:36:9-41:39
231            android:name="org.acra.attachment.AcraContentProvider"
231-->[ch.acra:acra-core:5.1.3] AndroidManifest.xml:37:13-67
232            android:authorities="com.ichangemycity.swachhbharatengineer.acra"
232-->[ch.acra:acra-core:5.1.3] AndroidManifest.xml:38:13-56
233            android:exported="false"
233-->[ch.acra:acra-core:5.1.3] AndroidManifest.xml:39:13-37
234            android:grantUriPermissions="true"
234-->[ch.acra:acra-core:5.1.3] AndroidManifest.xml:40:13-47
235            android:process=":acra" />
235-->[ch.acra:acra-core:5.1.3] AndroidManifest.xml:41:13-36
236
237        <service
237-->[com.google.android.gms:play-services-measurement-api:16.4.0] AndroidManifest.xml:27:9-33:19
238            android:name="com.google.firebase.components.ComponentDiscoveryService"
238-->[com.google.android.gms:play-services-measurement-api:16.4.0] AndroidManifest.xml:28:13-84
239            android:exported="false" >
239-->[com.google.android.gms:play-services-measurement-api:16.4.0] AndroidManifest.xml:29:13-37
240            <meta-data
240-->[com.google.android.gms:play-services-measurement-api:16.4.0] AndroidManifest.xml:30:13-32:85
241                android:name="com.google.firebase.components:com.google.firebase.analytics.connector.internal.AnalyticsConnectorRegistrar"
241-->[com.google.android.gms:play-services-measurement-api:16.4.0] AndroidManifest.xml:31:17-139
242                android:value="com.google.firebase.components.ComponentRegistrar" />
242-->[com.google.android.gms:play-services-measurement-api:16.4.0] AndroidManifest.xml:32:17-82
243            <meta-data
243-->[com.google.firebase:firebase-iid:17.1.1] AndroidManifest.xml:32:13-34:85
244                android:name="com.google.firebase.components:com.google.firebase.iid.Registrar"
244-->[com.google.firebase:firebase-iid:17.1.1] AndroidManifest.xml:33:17-96
245                android:value="com.google.firebase.components.ComponentRegistrar" />
245-->[com.google.firebase:firebase-iid:17.1.1] AndroidManifest.xml:34:17-82
246        </service>
247
248        <receiver
248-->[com.google.firebase:firebase-iid:17.1.1] AndroidManifest.xml:37:9-44:20
249            android:name="com.google.firebase.iid.FirebaseInstanceIdReceiver"
249-->[com.google.firebase:firebase-iid:17.1.1] AndroidManifest.xml:38:13-78
250            android:exported="true"
250-->[com.google.firebase:firebase-iid:17.1.1] AndroidManifest.xml:39:13-36
251            android:permission="com.google.android.c2dm.permission.SEND" >
251-->[com.google.firebase:firebase-iid:17.1.1] AndroidManifest.xml:40:13-73
252            <intent-filter>
252-->[com.google.firebase:firebase-iid:17.1.1] AndroidManifest.xml:41:13-43:29
253                <action android:name="com.google.android.c2dm.intent.RECEIVE" />
253-->[com.google.firebase:firebase-iid:17.1.1] AndroidManifest.xml:42:17-81
253-->[com.google.firebase:firebase-iid:17.1.1] AndroidManifest.xml:42:25-78
254            </intent-filter>
255        </receiver>
256        <!--
257             FirebaseInstanceIdService performs security checks at runtime,
258             no need for explicit permissions despite exported="true"
259        -->
260        <service
260-->[com.google.firebase:firebase-iid:17.1.1] AndroidManifest.xml:50:9-56:19
261            android:name="com.google.firebase.iid.FirebaseInstanceIdService"
261-->[com.google.firebase:firebase-iid:17.1.1] AndroidManifest.xml:51:13-77
262            android:exported="true" >
262-->[com.google.firebase:firebase-iid:17.1.1] AndroidManifest.xml:52:13-36
263            <intent-filter android:priority="-500" >
263-->src\main\AndroidManifest.xml:200:13-202:29
264                <action android:name="com.google.firebase.INSTANCE_ID_EVENT" />
264-->src\main\AndroidManifest.xml:201:17-80
264-->src\main\AndroidManifest.xml:201:25-77
265            </intent-filter>
266        </service>
267
268        <activity
268-->[com.google.android.gms:play-services-base:17.0.0] AndroidManifest.xml:23:9-26:75
269            android:name="com.google.android.gms.common.api.GoogleApiActivity"
269-->[com.google.android.gms:play-services-base:17.0.0] AndroidManifest.xml:24:13-79
270            android:exported="false"
270-->[com.google.android.gms:play-services-base:17.0.0] AndroidManifest.xml:25:13-37
271            android:theme="@android:style/Theme.Translucent.NoTitleBar" />
271-->[com.google.android.gms:play-services-base:17.0.0] AndroidManifest.xml:26:13-72
272
273        <receiver
273-->[com.google.android.gms:play-services-measurement-impl:16.4.0] AndroidManifest.xml:29:9-37:20
274            android:name="com.google.android.gms.measurement.AppMeasurementInstallReferrerReceiver"
274-->[com.google.android.gms:play-services-measurement-impl:16.4.0] AndroidManifest.xml:30:13-100
275            android:enabled="true"
275-->[com.google.android.gms:play-services-measurement-impl:16.4.0] AndroidManifest.xml:31:13-35
276            android:exported="true"
276-->[com.google.android.gms:play-services-measurement-impl:16.4.0] AndroidManifest.xml:32:13-36
277            android:permission="android.permission.INSTALL_PACKAGES" >
277-->[com.google.android.gms:play-services-measurement-impl:16.4.0] AndroidManifest.xml:33:13-69
278            <intent-filter>
278-->[com.google.android.gms:play-services-measurement-impl:16.4.0] AndroidManifest.xml:34:13-36:29
279                <action android:name="com.android.vending.INSTALL_REFERRER" />
279-->[com.google.android.gms:play-services-measurement-impl:16.4.0] AndroidManifest.xml:35:17-79
279-->[com.google.android.gms:play-services-measurement-impl:16.4.0] AndroidManifest.xml:35:25-76
280            </intent-filter>
281        </receiver>
282
283        <provider
283-->[com.google.firebase:firebase-common:16.1.0] AndroidManifest.xml:12:9-16:39
284            android:name="com.google.firebase.provider.FirebaseInitProvider"
284-->[com.google.firebase:firebase-common:16.1.0] AndroidManifest.xml:13:13-77
285            android:authorities="com.ichangemycity.swachhbharatengineer.firebaseinitprovider"
285-->[com.google.firebase:firebase-common:16.1.0] AndroidManifest.xml:14:13-72
286            android:exported="false"
286-->[com.google.firebase:firebase-common:16.1.0] AndroidManifest.xml:15:13-37
287            android:initOrder="100" />
287-->[com.google.firebase:firebase-common:16.1.0] AndroidManifest.xml:16:13-36
288
289        <meta-data
289-->[com.google.android.gms:play-services-basement:17.0.0] AndroidManifest.xml:23:9-25:69
290            android:name="com.google.android.gms.version"
290-->[com.google.android.gms:play-services-basement:17.0.0] AndroidManifest.xml:24:13-58
291            android:value="@integer/google_play_services_version" />
291-->[com.google.android.gms:play-services-basement:17.0.0] AndroidManifest.xml:25:13-66
292    </application>
293
294</manifest>